
 RUN  v4.0.18 /Users/arimendelow/Projects/spoonjoy-v2
      Coverage enabled with istanbul

 ✓ test/routes/recipes-id.test.tsx (98 tests) 16265ms
       ✓ keeps save modal open after creating a cookbook and marks it saved  313ms
 ✓ test/components/recipe/RecipeCoverHistory.test.tsx (3 tests) 180ms

 Test Files  2 passed (2)
      Tests  101 passed (101)
   Start at  22:03:33
   Duration  18.90s (transform 775ms, setup 168ms, import 1.64s, tests 16.44s, environment 389ms)

 % Coverage report from istanbul
-------------------|---------|----------|---------|---------|-------------------
File               | % Stmts | % Branch | % Funcs | % Lines | Uncovered Line #s 
-------------------|---------|----------|---------|---------|-------------------
All files          |   87.36 |    84.14 |   96.89 |    86.8 |                   
 components/recipe |     100 |     97.5 |     100 |     100 |                   
  ...erHistory.tsx |     100 |     97.5 |     100 |     100 | 49                
 lib               |   68.44 |     67.4 |      88 |   67.66 |                   
  ...ail.server.ts |   68.44 |     67.4 |      88 |   67.66 | ...00,732,742,763 
 routes            |   98.75 |    96.15 |   98.96 |   98.69 |                   
  recipes.$id.tsx  |   98.75 |    96.15 |   98.96 |   98.69 | 524-526,641       
-------------------|---------|----------|---------|---------|-------------------
ERROR: Coverage for lines (86.8%) does not meet global threshold (100%)
ERROR: Coverage for functions (96.89%) does not meet global threshold (100%)
ERROR: Coverage for statements (87.36%) does not meet global threshold (100%)
ERROR: Coverage for branches (84.14%) does not meet global threshold (100%)
