
 RUN  v4.0.18 /Users/arimendelow/Projects/spoonjoy-v2
      Coverage enabled with istanbul

 ✓ test/routes/recipes-id.test.tsx (104 tests) 16825ms
       ✓ keeps save modal open after creating a cookbook and marks it saved  317ms
 ✓ test/components/recipe/RecipeCoverHistory.test.tsx (3 tests) 181ms

 Test Files  2 passed (2)
      Tests  107 passed (107)
   Start at  22:07:09
   Duration  19.08s (transform 774ms, setup 119ms, import 1.44s, tests 17.01s, environment 267ms)

 % Coverage report from istanbul
-------------------|---------|----------|---------|---------|-------------------
File               | % Stmts | % Branch | % Funcs | % Lines | Uncovered Line #s 
-------------------|---------|----------|---------|---------|-------------------
All files          |   89.15 |    87.58 |   96.89 |   88.67 |                   
 components/recipe |     100 |      100 |     100 |     100 |                   
  ...erHistory.tsx |     100 |      100 |     100 |     100 |                   
 lib               |   73.03 |    74.86 |      88 |   72.36 |                   
  ...ail.server.ts |   73.03 |    74.86 |      88 |   72.36 | ...17,529,533,595 
 routes            |   98.75 |    96.15 |   98.96 |   98.69 |                   
  recipes.$id.tsx  |   98.75 |    96.15 |   98.96 |   98.69 | 524-526,641       
-------------------|---------|----------|---------|---------|-------------------
ERROR: Coverage for lines (88.67%) does not meet global threshold (100%)
ERROR: Coverage for functions (96.89%) does not meet global threshold (100%)
ERROR: Coverage for statements (89.15%) does not meet global threshold (100%)
ERROR: Coverage for branches (87.58%) does not meet global threshold (100%)
