
 RUN  v4.0.18 /Users/arimendelow/Projects/spoonjoy-v2
      Coverage enabled with istanbul

 ❯ test/routes/recipes-id.test.tsx (105 tests | 1 failed) 16951ms
       ✓ prefers the rendered steps container when a zero-size snapshot exists first 161ms
       ✓ falls back to the first steps container when no rendered candidate has dimensions 151ms
       × returns null when no steps container exists 155ms
       ✓ builds the recipe-specific cook progress storage key 149ms
       ✓ parses, clamps, and filters stored cook progress 148ms
       ✓ defaults malformed cook progress values 146ms
       ✓ treats unavailable cook progress storage as empty 145ms
       ✓ treats missing window storage as empty 142ms
       ✓ ignores invalid stored cook progress payloads 144ms
       ✓ formats timer seconds as cookbook timer text 144ms
       ✓ returns recipe share metadata with on-demand OG image 142ms
       ✓ falls back to chef attribution and placeholder metadata 142ms
       ✓ should return public recipe data when not logged in 145ms
       ✓ returns explicit active cover display data with provenance 148ms
       ✓ returns owner-only cover history with active variant and provenance labels 149ms
       ✓ returns owner-only spoon image sources for cover creation 147ms
       ✓ should return recipe data when logged in as owner 147ms
       ✓ should return isOwner false when logged in as non-owner 148ms
       ✓ should throw 404 for non-existent recipe 149ms
       ✓ should throw 404 for soft-deleted recipe 152ms
       ✓ should include recipe steps and ingredients 154ms
       ✓ should include step output uses (usingSteps) in recipe data 151ms
       ✓ should include multiple step output uses when a step depends on multiple previous steps 152ms
       ✓ should include usingSteps with null stepTitle 147ms
       ✓ should handle single-step recipe with empty usingSteps array 149ms
       ✓ should return savedInCookbookIds when recipe is saved in cookbooks 152ms
       ✓ should mark hasIngredientsInShoppingList true when all recipe ingredients exist in list 155ms
       ✓ should mark hasIngredientsInShoppingList false when recipe ingredients are missing from list 152ms
       ✓ should not match shopping list ingredients when only the list item has a null unit 149ms
       ✓ should redirect when not logged in 143ms
       ✓ should throw 403 when non-owner tries to delete 167ms
       ✓ should soft delete recipe and redirect 152ms
       ✓ sets the active recipe cover variant for the owner 152ms
       ✓ sets an explicit no-cover state for the owner 149ms
       ✓ rejects cover activation from non-owners 145ms
       ✓ validates owner cover activation and no-cover confirmation fields 146ms
       ✓ creates a processing cover candidate from a recipe spoon photo 150ms
       ✓ rejects deleted spoon photos as cover sources 145ms
       ✓ requires a spoon id before creating a cover from a spoon photo 145ms
       ✓ queues regeneration for an existing cover without changing the active cover immediately 148ms
       ✓ requires a cover id before regenerating a cover 146ms
       ✓ rejects regeneration for a missing cover 145ms
       ✓ rejects regeneration when a cover has no saved source image 145ms
       ✓ allows failed cover generation to be retried from the saved source image 149ms
       ✓ rejects regeneration for archived covers 147ms
       ✓ requires an explicit replacement or no-cover confirmation when archiving the active cover 147ms
       ✓ archives the active cover when no-cover is explicitly confirmed 147ms
       ✓ archives the active cover and activates an explicit replacement 149ms
       ✓ requires an archive cover id and validates replacement variants 148ms
       ✓ rejects cover source, regeneration, and archive actions from non-owners 161ms
       ✓ should throw 404 for non-existent recipe 152ms
       ✓ should return null for unknown intent 153ms
       ✓ should throw 404 for soft-deleted recipe in action 152ms
       ✓ creates cookbook, saves recipe, and returns created cookbook for immediate UI reflection 158ms
       ✓ throws 400 when creating a cookbook with a blank title 148ms
       ✓ adds new cookbook and marks it as saved immediately in local UI state 152ms
       ✓ does not duplicate an existing cookbook when reflecting created state 144ms
       ✓ uses shared dialog/input components for save modal, keeps modal above dock z-index, and preserves scroll on open 220ms
       ✓ keeps save modal open after creating a cookbook and marks it saved  302ms
       ✓ optimistically toggles cookbook saves from the save modal 219ms
       ✓ prevents blank cookbook creation submissions in the save modal 170ms
       ✓ shares from the registered dock action 159ms
       ✓ shows add-to-list toast from the recipe header action 197ms
       ✓ redirects guest recipe mutations to login from header and dock actions 165ms
       ✓ enters a focused cook mode with one active step and shared checklist progress 253ms
       ✓ persists focused cook-mode progress across reloads 228ms
       ✓ shows a step timer in focused cook mode when a step has duration 208ms
       ✓ does not show a focused cook-mode timer for a non-positive duration 171ms
       ✓ lets a focused cook-mode timer finish and restart 180ms
       ✓ opens focused cook mode from a cook hash and leaves it on browser back 167ms
       ✓ lets the registered dock cook action enter focused cook mode 167ms
       ✓ should render recipe with no steps (empty state) as owner 218ms
       ✓ should render recipe with no steps (empty state) as non-owner 158ms
       ✓ should render recipe with steps and ingredients 161ms
       ✓ should show delete button for owners 166ms
       ✓ renders owner cover history controls and hides them from non-owners 236ms
       ✓ should not render description when null 156ms
       ✓ should not render servings when null 156ms
       ✓ should render step without title 157ms
       ✓ should render step output uses when present 159ms
       ✓ should render step output use without title when stepTitle is null 158ms
       ✓ should not render using outputs section when usingSteps is empty 156ms
       ✓ should handle step with undefined usingSteps (nullish coalescing) 156ms
       ✓ should render single-step recipe as owner with edit controls 158ms
       ✓ should render step output uses BEFORE description (display order test) 159ms
       ✓ should open delete confirmation dialog for owners 187ms
       ✓ should cancel recipe deletion from the dialog without submitting 202ms
       ✓ should confirm recipe deletion from the dialog 212ms
       ✓ should render a visible share button on the recipe page 156ms
       ✓ should not render owner-only controls for non-owner while keeping save/share available 158ms
       ✓ should render a visible save button on the recipe page 156ms
       ✓ should toggle step output checkbox when clicked 179ms
       ✓ should toggle ingredient checkbox when clicked 178ms
       ✓ should change scale factor when scale buttons are clicked 178ms
       ✓ should clear ingredient and step-output progress when clicking Clear progress 190ms
       ✓ should keep cookbook-save controls out of the recipe page 157ms
       ✓ should add recipe to cookbook successfully 147ms
       ✓ should return success even if recipe already in cookbook 147ms
       ✓ should reject direct addToCookbook submissions for a soft-deleted recipe 146ms
       ✓ should throw 403 when trying to add to someone elses cookbook 145ms
       ✓ should throw 403 when cookbook does not exist 145ms
       ✓ should allow non-owner to add recipe to their own cookbook 146ms
       ✓ should do nothing when cookbookId is not provided 146ms
       ✓ should remove recipe from cookbook successfully 146ms
       ✓ should throw 403 when removing from someone else's cookbook 145ms

⎯⎯⎯⎯ Unhandled Rejection ⎯⎯⎯⎯⎯
Error: ENOENT: no such file or directory, open '/Users/arimendelow/Projects/spoonjoy-v2/coverage/.tmp/coverage-0.json'
 ❯ open node:internal/fs/promises:636:25
 ❯ Object.writeFile node:internal/fs/promises:1205:14

⎯⎯⎯⎯⎯⎯⎯⎯⎯⎯⎯⎯⎯⎯⎯⎯⎯⎯⎯⎯⎯⎯⎯⎯⎯⎯⎯⎯⎯⎯
Serialized Error: { errno: -2, code: 'ENOENT', syscall: 'open', path: '/Users/arimendelow/Projects/spoonjoy-v2/coverage/.tmp/coverage-0.json' }



