
 RUN  v4.0.18 /Users/arimendelow/Projects/spoonjoy-v2
      Coverage enabled with istanbul

 ✓ test/routes/recipes-id.test.tsx (103 tests) 16859ms
       ✓ keeps save modal open after creating a cookbook and marks it saved  303ms
 ✓ test/components/recipe/RecipeCoverHistory.test.tsx (3 tests) 186ms

 Test Files  2 passed (2)
      Tests  106 passed (106)
   Start at  22:05:38
   Duration  19.12s (transform 775ms, setup 120ms, import 1.44s, tests 17.05s, environment 274ms)

 % Coverage report from istanbul
-------------------|---------|----------|---------|---------|-------------------
File               | % Stmts | % Branch | % Funcs | % Lines | Uncovered Line #s 
-------------------|---------|----------|---------|---------|-------------------
All files          |    88.6 |    86.88 |   96.89 |   88.09 |                   
 components/recipe |     100 |      100 |     100 |     100 |                   
  ...erHistory.tsx |     100 |      100 |     100 |     100 |                   
 lib               |   71.56 |    73.18 |      88 |   70.85 |                   
  ...ail.server.ts |   71.56 |    73.18 |      88 |   70.85 | ...95,617,620,632 
 routes            |   98.75 |    96.15 |   98.96 |   98.69 |                   
  recipes.$id.tsx  |   98.75 |    96.15 |   98.96 |   98.69 | 524-526,641       
-------------------|---------|----------|---------|---------|-------------------
ERROR: Coverage for lines (88.09%) does not meet global threshold (100%)
ERROR: Coverage for functions (96.89%) does not meet global threshold (100%)
ERROR: Coverage for statements (88.6%) does not meet global threshold (100%)
ERROR: Coverage for branches (86.88%) does not meet global threshold (100%)
