
 RUN  v4.0.18 /Users/arimendelow/Projects/spoonjoy-v2

 ❯ test/routes/recipes-id.test.tsx (98 tests | 1 failed) 16691ms
       ✓ prefers the rendered steps container when a zero-size snapshot exists first 168ms
       ✓ falls back to the first steps container when no rendered candidate has dimensions 146ms
       ✓ returns null when no steps container exists 148ms
       ✓ builds the recipe-specific cook progress storage key 150ms
       ✓ parses, clamps, and filters stored cook progress 149ms
       ✓ defaults malformed cook progress values 146ms
       ✓ treats unavailable cook progress storage as empty 153ms
       ✓ treats missing window storage as empty 149ms
       ✓ ignores invalid stored cook progress payloads 149ms
       ✓ formats timer seconds as cookbook timer text 148ms
       ✓ returns recipe share metadata with on-demand OG image 149ms
       ✓ falls back to chef attribution and placeholder metadata 148ms
       ✓ should return public recipe data when not logged in 153ms
       ✓ returns explicit active cover display data with provenance 154ms
       ✓ returns owner-only cover history with active variant and provenance labels 153ms
       ✓ returns owner-only spoon image sources for cover creation 148ms
       ✓ should return recipe data when logged in as owner 145ms
       ✓ should return isOwner false when logged in as non-owner 148ms
       ✓ should throw 404 for non-existent recipe 149ms
       ✓ should throw 404 for soft-deleted recipe 149ms
       ✓ should include recipe steps and ingredients 155ms
       ✓ should include step output uses (usingSteps) in recipe data 152ms
       ✓ should include multiple step output uses when a step depends on multiple previous steps 153ms
       ✓ should include usingSteps with null stepTitle 152ms
       ✓ should handle single-step recipe with empty usingSteps array 159ms
       ✓ should return savedInCookbookIds when recipe is saved in cookbooks 152ms
       ✓ should mark hasIngredientsInShoppingList true when all recipe ingredients exist in list 155ms
       ✓ should mark hasIngredientsInShoppingList false when recipe ingredients are missing from list 154ms
       ✓ should not match shopping list ingredients when only the list item has a null unit 156ms
       ✓ should redirect when not logged in 149ms
       ✓ should throw 403 when non-owner tries to delete 156ms
       ✓ should soft delete recipe and redirect 152ms
       ✓ sets the active recipe cover variant for the owner 153ms
       ✓ sets an explicit no-cover state for the owner 153ms
       ✓ rejects cover activation from non-owners 157ms
       ✓ creates a processing cover candidate from a recipe spoon photo 159ms
       ✓ rejects deleted spoon photos as cover sources 154ms
       ✓ queues regeneration for an existing cover without changing the active cover immediately 157ms
       ✓ allows failed cover generation to be retried from the saved source image 157ms
       × rejects regeneration for archived covers 163ms
       ✓ requires an explicit replacement or no-cover confirmation when archiving the active cover 156ms
       ✓ archives the active cover when no-cover is explicitly confirmed 160ms
       ✓ rejects cover source, regeneration, and archive actions from non-owners 157ms
       ✓ should throw 404 for non-existent recipe 153ms
       ✓ should return null for unknown intent 154ms
       ✓ should throw 404 for soft-deleted recipe in action 152ms
       ✓ creates cookbook, saves recipe, and returns created cookbook for immediate UI reflection 155ms
       ✓ throws 400 when creating a cookbook with a blank title 153ms
       ✓ adds new cookbook and marks it as saved immediately in local UI state 165ms
       ✓ does not duplicate an existing cookbook when reflecting created state 152ms
       ✓ uses shared dialog/input components for save modal, keeps modal above dock z-index, and preserves scroll on open 226ms
       ✓ keeps save modal open after creating a cookbook and marks it saved  317ms
       ✓ optimistically toggles cookbook saves from the save modal 236ms
       ✓ prevents blank cookbook creation submissions in the save modal 206ms
       ✓ shares from the registered dock action 168ms
       ✓ shows add-to-list toast from the recipe header action 209ms
       ✓ redirects guest recipe mutations to login from header and dock actions 183ms
       ✓ enters a focused cook mode with one active step and shared checklist progress 258ms
       ✓ persists focused cook-mode progress across reloads 237ms
       ✓ shows a step timer in focused cook mode when a step has duration 219ms
       ✓ does not show a focused cook-mode timer for a non-positive duration 183ms
       ✓ lets a focused cook-mode timer finish and restart 191ms
       ✓ opens focused cook mode from a cook hash and leaves it on browser back 173ms
       ✓ lets the registered dock cook action enter focused cook mode 175ms
       ✓ should render recipe with no steps (empty state) as owner 225ms
       ✓ should render recipe with no steps (empty state) as non-owner 167ms
       ✓ should render recipe with steps and ingredients 170ms
       ✓ should show delete button for owners 177ms
       ✓ renders owner cover history controls and hides them from non-owners 252ms
       ✓ should not render description when null 167ms
       ✓ should not render servings when null 166ms
       ✓ should render step without title 170ms
       ✓ should render step output uses when present 177ms
       ✓ should render step output use without title when stepTitle is null 170ms
       ✓ should not render using outputs section when usingSteps is empty 167ms
       ✓ should handle step with undefined usingSteps (nullish coalescing) 168ms
       ✓ should render single-step recipe as owner with edit controls 170ms
       ✓ should render step output uses BEFORE description (display order test) 169ms
       ✓ should open delete confirmation dialog for owners 204ms
       ✓ should cancel recipe deletion from the dialog without submitting 213ms
       ✓ should confirm recipe deletion from the dialog 224ms
       ✓ should render a visible share button on the recipe page 166ms
       ✓ should not render owner-only controls for non-owner while keeping save/share available 170ms
       ✓ should render a visible save button on the recipe page 166ms
       ✓ should toggle step output checkbox when clicked 188ms
       ✓ should toggle ingredient checkbox when clicked 189ms
       ✓ should change scale factor when scale buttons are clicked 187ms
       ✓ should clear ingredient and step-output progress when clicking Clear progress 207ms
       ✓ should keep cookbook-save controls out of the recipe page 163ms
       ✓ should add recipe to cookbook successfully 153ms
       ✓ should return success even if recipe already in cookbook 152ms
       ✓ should reject direct addToCookbook submissions for a soft-deleted recipe 155ms
       ✓ should throw 403 when trying to add to someone elses cookbook 158ms
       ✓ should throw 403 when cookbook does not exist 157ms
       ✓ should allow non-owner to add recipe to their own cookbook 156ms
       ✓ should do nothing when cookbookId is not provided 154ms
       ✓ should remove recipe from cookbook successfully 156ms
       ✓ should throw 403 when removing from someone else's cookbook 157ms
 ✓ test/components/recipe/RecipeCoverHistory.test.tsx (3 tests) 197ms

⎯⎯⎯⎯⎯⎯⎯ Failed Tests 1 ⎯⎯⎯⎯⎯⎯⎯

 FAIL  test/routes/recipes-id.test.tsx > Recipes $id Route > action > rejects regeneration for archived covers
AssertionError: promise resolved "{ success: true, …(2) }" instead of rejecting

- Expected
+ Received

- Error {
-   "message": "rejected promise",
+ {
+   "coverId": "cmq66ascr00766vn80mcdkky5",
+   "intent": "regenerateRecipeCover",
+   "success": true,
  }

 ❯ test/routes/recipes-id.test.tsx:1394:7
    1392|           params: { id: recipeId },
    1393|         } as any),
    1394|       ).rejects.toSatisfy((error: any) => {
       |       ^
    1395|         expect(error).toBeInstanceOf(Response);
    1396|         expect(error.status).toBe(400);

⎯⎯⎯⎯⎯⎯⎯⎯⎯⎯⎯⎯⎯⎯⎯⎯⎯⎯⎯⎯⎯⎯⎯⎯[1/1]⎯


 Test Files  1 failed | 1 passed (2)
      Tests  1 failed | 100 passed (101)
   Start at  22:02:01
   Duration  18.85s (transform 410ms, setup 143ms, import 1.24s, tests 16.89s, environment 334ms)

