
 RUN  v4.0.18 /Users/arimendelow/Projects/spoonjoy-v2

 ❯ test/scripts/deployment-preflight.test.ts (67 tests | 3 failed) 95ms
     ✓ passes against the current repository configuration 4ms
     ✓ surfaces remote-migration failures as errors 2ms
     ✓ surfaces remote-migration auth errors as warnings only 1ms
     ✓ uses createWranglerRunner by default when no runWrangler dep is provided 1ms
     ✓ flags missing production-critical bindings and docs 0ms
     ✓ requires deploy:auto in REQUIRED_PACKAGE_SCRIPTS 0ms
     ✓ requires deploy:auto to apply migrations before the full remote preflight 0ms
     ✓ requires the production deploy workflow to run on pushes to main 0ms
     ✓ does not accept commented or misplaced push-to-main workflow text 0ms
     ✓ does not accept inline branch names that merely contain main 0ms
     ✓ requires deploy:auto and Cloudflare credentials on a real deploy step 0ms
     ✓ reports NODE_ENV as a warning instead of a hard failure 0ms
     ✓ flags missing telemetry typing, documentation, and deployment commands 0ms
     ✓ flags missing image provider typing and documentation 0ms
     ✓ flags a missing isolated QA Wrangler environment and QA scripts 0ms
     × requires the QA image-cover smoke package script 5ms
     ✓ flags QA resources that alias production resources 0ms
     ✓ flags misnamed or duplicated QA rate-limit bindings 0ms
     ✓ returns PASS when remote D1 reports no pending migrations 1ms
     ✓ returns PASS when current Wrangler text output reports no pending migrations 0ms
     ✓ FAILS when one migration is pending and includes its name in the message 0ms
     ✓ FAILS and lists every pending migration name 0ms
     ✓ FAILS and lists pending migration names from current Wrangler text output 0ms
     ✓ WARNS instead of failing when wrangler emits an auth-keyed stderr with non-zero exit 0ms
     ✓ WARNS when wrangler reports it needs a non-interactive API token 0ms
     ✓ FAILS with a parse-error message when stdout is neither JSON nor current Wrangler text 0ms
     ✓ FAILS with a shape-error message when JSON is a top-level object instead of an array 1ms
     ✓ FAILS with a shape-error message when JSON is an array of strings 0ms
     ✓ FAILS with a shape-error message when JSON objects use lowercase name instead of Name 0ms
     ✓ FAILS with a clear message when wrangler exits non-zero without an auth-keyed stderr 0ms
     ✓ FAILS when the runWrangler promise rejects (spawn/binary error) 0ms
     ✓ FAILS with a string representation when runWrangler rejects with a non-Error value 0ms
     ✓ FAILS with a string representation when JSON.parse throws a non-Error 0ms
     ✓ returns a warning PASS when SPOONJOY_PREFLIGHT_SKIP_REMOTE=1 even if the fake would have reported pending migrations 0ms
     ✓ falls back to process.env when no env is provided in deps 0ms
     ✓ docs/deployment.md mentions pnpm deploy:auto 2ms
     ✓ docs/deployment.md documents SPOONJOY_PREFLIGHT_SKIP_REMOTE 0ms
     ✓ DEPLOY.md mentions pnpm deploy:auto 0ms
     ✓ DEPLOY.md documents SPOONJOY_PREFLIGHT_SKIP_REMOTE 0ms
     ✓ documents the full PostHog client and server telemetry setup 1ms
     ✓ documents the QA environment setup and safe verification flow 1ms
     ✓ deploy chains preflight then build then wrangler deploy via pnpm exec 0ms
     ✓ deploy:auto skips only the first remote preflight, then builds, migrates, fully preflights, and deploys 0ms
     × exposes QA preflight, migration, seed, deploy, and smoke scripts 1ms
     × includes live-smoke script helpers in coverage instrumentation 4ms
     ✓ defines an isolated Cloudflare QA environment 1ms
     ✓ invokes the configured wrangler binary with pnpm exec and forwards args 0ms
     ✓ resolves with stdout/stderr/exitCode when execFile callback signals success 0ms
     ✓ resolves with non-zero exitCode and stderr when execFile callback signals a process error 0ms
     ✓ rejects with the underlying error when execFile reports a spawn failure (no numeric exit code) 1ms
     ✓ exposes a default factory that uses node:child_process execFile 0ms
     ✓ prefixes passing checks with PASS 0ms
     ✓ prefixes warning checks with WARN 0ms
     ✓ prefixes failing error checks with FAIL 0ms
     ✓ prints WARN line and a passed-with-warnings summary when wrangler reports an auth-keyed soft failure 1ms
     ✓ prints a passed summary without warning suffix when everything is OK 1ms
     ✓ calls io.error and io.exit(1) when there is a hard failure 1ms
     ✓ uses real console.log/console.error/process.exit when io is not injected 1ms
     ✓ returns false when argv1 is undefined 0ms
     ✓ returns false when argv1 does not resolve to the module url 0ms
     ✓ returns true when argv1 resolves to the same path as moduleUrl 0ms
     ✓ returns false and does not invoke runMain when argv1 is not the module 0ms
     ✓ returns true and invokes runMain when argv1 matches the moduleUrl 0ms
     ✓ routes runMain errors through onError 0ms
     ✓ uses default onError that prints and calls process.exit(1) when runMain rejects with an Error 1ms
     ✓ uses default onError that stringifies non-Error rejections 0ms
     ✓ uses default main when runMain is not provided 33ms
 ❯ test/scripts/smoke-live-helpers.test.ts (17 tests | 3 failed) 35ms
     ✓ detects local D1 targets from localhost base URLs 1ms
     ✓ builds local cleanup args for local smoke targets 1ms
     ✓ builds QA cleanup args with --env qa 0ms
     ✓ builds explicit production cleanup args without --env qa 1ms
     ✓ builds QA user-count verification args with --env qa 0ms
     ✓ only runs the production Apple OAuth guard for production smoke 0ms
     ✓ requires explicit target env for remote smoke URLs 0ms
     ✓ allows local smoke URLs to infer local target env 0ms
     ✓ parses explicit QA smoke args 0ms
     × parses the QA-only image-cover smoke flag 4ms
     × refuses image-cover smoke outside QA 0ms
     × builds QA R2 object get and delete args 0ms
     ✓ allows explicit production smoke args for the production Worker URL 0ms
     ✓ allows explicit production smoke args for the production custom domain 0ms
     ✓ refuses mismatched QA target env and production URL 0ms
     ✓ refuses mismatched production target env and QA URL 0ms
     ✓ refuses mismatched local target env and remote URL 0ms
 ❯ test/scripts/smoke-image-cover-live.test.ts (0 test)

⎯⎯⎯⎯⎯⎯ Failed Suites 1 ⎯⎯⎯⎯⎯⎯⎯

 FAIL  test/scripts/smoke-image-cover-live.test.ts [ test/scripts/smoke-image-cover-live.test.ts ]
Error: Failed to resolve import "../../scripts/smoke-image-cover-live.mjs" from "test/scripts/smoke-image-cover-live.test.ts". Does the file exist?
  Plugin: vite:import-analysis
  File: /Users/arimendelow/Projects/spoonjoy-v2/test/scripts/smoke-image-cover-live.test.ts:24:7
  21 |    photoKeyFromImageUrl,
  22 |    validateSmokePhotoKey
  23 |  } from "../../scripts/smoke-image-cover-live.mjs";
     |          ^
  24 |  const QA_BASE_URL = "https://spoonjoy-v2-qa.mendelow-studio.workers.dev";
  25 |  describe("smoke image-cover helpers", () => {
 ❯ TransformPluginContext._formatLog node_modules/.pnpm/vite@7.3.1_@types+node@25.1.0_jiti@2.6.1_lightningcss@1.30.2_tsx@4.21.0/node_modules/vite/dist/node/chunks/config.js:28999:43
 ❯ TransformPluginContext.error node_modules/.pnpm/vite@7.3.1_@types+node@25.1.0_jiti@2.6.1_lightningcss@1.30.2_tsx@4.21.0/node_modules/vite/dist/node/chunks/config.js:28996:14
 ❯ normalizeUrl node_modules/.pnpm/vite@7.3.1_@types+node@25.1.0_jiti@2.6.1_lightningcss@1.30.2_tsx@4.21.0/node_modules/vite/dist/node/chunks/config.js:27119:18
 ❯ node_modules/.pnpm/vite@7.3.1_@types+node@25.1.0_jiti@2.6.1_lightningcss@1.30.2_tsx@4.21.0/node_modules/vite/dist/node/chunks/config.js:27177:32
 ❯ TransformPluginContext.transform node_modules/.pnpm/vite@7.3.1_@types+node@25.1.0_jiti@2.6.1_lightningcss@1.30.2_tsx@4.21.0/node_modules/vite/dist/node/chunks/config.js:27145:4
 ❯ EnvironmentPluginContainer.transform node_modules/.pnpm/vite@7.3.1_@types+node@25.1.0_jiti@2.6.1_lightningcss@1.30.2_tsx@4.21.0/node_modules/vite/dist/node/chunks/config.js:28797:14
 ❯ loadAndTransform node_modules/.pnpm/vite@7.3.1_@types+node@25.1.0_jiti@2.6.1_lightningcss@1.30.2_tsx@4.21.0/node_modules/vite/dist/node/chunks/config.js:22670:26

⎯⎯⎯⎯⎯⎯⎯⎯⎯⎯⎯⎯⎯⎯⎯⎯⎯⎯⎯⎯⎯⎯⎯⎯[1/7]⎯


⎯⎯⎯⎯⎯⎯⎯ Failed Tests 6 ⎯⎯⎯⎯⎯⎯⎯

 FAIL  test/scripts/deployment-preflight.test.ts > deployment preflight > requires the QA image-cover smoke package script
AssertionError: expected [] to include 'QA package scripts'
 ❯ test/scripts/deployment-preflight.test.ts:355:52
    353|     const result = validateDeploymentConfig(inputs);
    354| 
    355|     expect(result.errors.map((item) => item.name)).toContain("QA packa…
       |                                                    ^
    356|   });
    357| 

⎯⎯⎯⎯⎯⎯⎯⎯⎯⎯⎯⎯⎯⎯⎯⎯⎯⎯⎯⎯⎯⎯⎯⎯[2/7]⎯

 FAIL  test/scripts/deployment-preflight.test.ts > package.json deploy scripts > exposes QA preflight, migration, seed, deploy, and smoke scripts
AssertionError: expected undefined to be 'node scripts/smoke-live.mjs --target-…' // Object.is equality

- Expected: 
"node scripts/smoke-live.mjs --target-env qa --base-url https://spoonjoy-v2-qa.mendelow-studio.workers.dev --out qa-image-cover-smoke-artifacts --include-image-cover-smoke"

+ Received: 
undefined

 ❯ test/scripts/deployment-preflight.test.ts:825:49
    823|       "node scripts/smoke-live.mjs --target-env qa --base-url https://…
    824|     );
    825|     expect(pkg.scripts["smoke:qa:image-cover"]).toBe(
       |                                                 ^
    826|       "node scripts/smoke-live.mjs --target-env qa --base-url https://…
    827|     );

⎯⎯⎯⎯⎯⎯⎯⎯⎯⎯⎯⎯⎯⎯⎯⎯⎯⎯⎯⎯⎯⎯⎯⎯[3/7]⎯

 FAIL  test/scripts/deployment-preflight.test.ts > package.json deploy scripts > includes live-smoke script helpers in coverage instrumentation
AssertionError: expected 'import { defineConfig } from "vitest/…' to contain 'scripts/smoke-live-helpers.mjs'

- Expected
+ Received

- scripts/smoke-live-helpers.mjs
+ import { defineConfig } from "vitest/config";
+
+ const appDirectory = new URL("./app", import.meta.url).pathname;
+ const componentsDirectory = new URL("./app/components", import.meta.url).pathname;
+
+ export default defineConfig({
+   test: {
+     environment: "happy-dom",
+     globals: true,
+     setupFiles: ["./test/setup.ts"],
+     pool: "forks",
+     // DB-backed route/model tests share test.db and destructive cleanup helpers.
+     // Keep files serial until the suite has per-worker database isolation.
+     maxWorkers: 1,
+     fileParallelism: false,
+     sequence: {
+       shuffle: false,
+     },
+     exclude: ["**/node_modules/**", "**/e2e/**"],
+     coverage: {
+       provider: "istanbul",
+       reporter: ["text", "json", "html"],
+       include: ["app/lib/**/*.ts", "app/routes/**/*.ts", "app/routes/**/*.tsx", "app/components/**/*.tsx", "app/hooks/**/*.ts"],
+       exclude: ["node_modules/**", "test/**", "**/*.config.ts", "**/*.d.ts", "**/types/**"],
+       thresholds: {
+         statements: 100,
+         branches: 100,
+         functions: 100,
+         lines: 100,
+       },
+     },
+   },
+   resolve: {
+     alias: {
+       "~": appDirectory,
+       "@": componentsDirectory,
+     }
+   }
+ });
+

 ❯ test/scripts/deployment-preflight.test.ts:835:23
    833|     );
    834| 
    835|     expect(configRaw).toContain("scripts/smoke-live-helpers.mjs");
       |                       ^
    836|     expect(configRaw).toContain("scripts/smoke-image-cover-live.mjs");
    837|   });

⎯⎯⎯⎯⎯⎯⎯⎯⎯⎯⎯⎯⎯⎯⎯⎯⎯⎯⎯⎯⎯⎯⎯⎯[4/7]⎯

 FAIL  test/scripts/smoke-live-helpers.test.ts > smoke-live helpers > parses the QA-only image-cover smoke flag
AssertionError: expected { …(4) } to match object { targetEnv: 'qa', …(1) }
(3 matching properties omitted from actual)

- Expected
+ Received

  {
-   "includeImageCoverSmoke": true,
    "targetEnv": "qa",
  }

 ❯ test/scripts/smoke-live-helpers.test.ts:123:7
    121|         "--include-image-cover-smoke",
    122|       ]),
    123|     ).toMatchObject({
       |       ^
    124|       targetEnv: "qa",
    125|       includeImageCoverSmoke: true,

⎯⎯⎯⎯⎯⎯⎯⎯⎯⎯⎯⎯⎯⎯⎯⎯⎯⎯⎯⎯⎯⎯⎯⎯[5/7]⎯

 FAIL  test/scripts/smoke-live-helpers.test.ts > smoke-live helpers > refuses image-cover smoke outside QA
AssertionError: expected [Function] to throw an error

- Expected: 
null

+ Received: 
undefined

 ❯ test/scripts/smoke-live-helpers.test.ts:138:7
    136|         "--include-image-cover-smoke",
    137|       ]),
    138|     ).toThrow(/image-cover smoke.*QA/i);
       |       ^
    139|     expect(() =>
    140|       parseSmokeArgs([

⎯⎯⎯⎯⎯⎯⎯⎯⎯⎯⎯⎯⎯⎯⎯⎯⎯⎯⎯⎯⎯⎯⎯⎯[6/7]⎯

 FAIL  test/scripts/smoke-live-helpers.test.ts > smoke-live helpers > builds QA R2 object get and delete args
TypeError: (0 , __vite_ssr_import_1__.buildQaR2GetArgs) is not a function
 ❯ test/scripts/smoke-live-helpers.test.ts:149:12
    147| 
    148|   it("builds QA R2 object get and delete args", () => {
    149|     expect(buildQaR2GetArgs("recipes/user-1/uploads/photo.jpg")).toEqu…
       |            ^
    150|       "exec",
    151|       "wrangler",

⎯⎯⎯⎯⎯⎯⎯⎯⎯⎯⎯⎯⎯⎯⎯⎯⎯⎯⎯⎯⎯⎯⎯⎯[7/7]⎯


 Test Files  3 failed (3)
      Tests  6 failed | 78 passed (84)
   Start at  12:53:18
   Duration  1.25s (transform 95ms, setup 196ms, import 89ms, tests 129ms, environment 454ms)

