
 RUN  v4.0.18 /Users/arimendelow/Projects/spoonjoy-v2

 ❯ test/scripts/deployment-preflight.test.ts (69 tests | 2 failed) 131ms
     ✓ passes against the current repository configuration 4ms
     ✓ surfaces remote-migration failures as errors 1ms
     ✓ surfaces remote-migration auth errors as warnings only 1ms
     ✓ uses createWranglerRunner by default when no runWrangler dep is provided 1ms
     ✓ flags missing production-critical bindings and docs 0ms
     ✓ requires deploy:auto in REQUIRED_PACKAGE_SCRIPTS 0ms
     ✓ requires deploy:auto to apply migrations before the full remote preflight 0ms
     ✓ requires the production deploy workflow to run on pushes to main 0ms
     ✓ does not accept commented or misplaced push-to-main workflow text 0ms
     ✓ does not accept inline branch names that merely contain main 0ms
     ✓ requires deploy:auto and Cloudflare credentials on a real deploy step 0ms
     ✓ reports NODE_ENV as a warning instead of a hard failure 0ms
     ✓ flags missing telemetry typing, documentation, and deployment commands 0ms
     ✓ flags missing image provider typing and documentation 0ms
     ✓ flags a missing isolated QA Wrangler environment and QA scripts 0ms
     ✓ requires the QA image-cover smoke package script 0ms
     × requires a credential-gated scheduled QA image-cover smoke workflow in preflight 5ms
     ✓ flags QA resources that alias production resources 0ms
     ✓ flags misnamed or duplicated QA rate-limit bindings 0ms
     ✓ returns PASS when remote D1 reports no pending migrations 0ms
     ✓ returns PASS when current Wrangler text output reports no pending migrations 0ms
     ✓ FAILS when one migration is pending and includes its name in the message 0ms
     ✓ FAILS and lists every pending migration name 0ms
     ✓ FAILS and lists pending migration names from current Wrangler text output 0ms
     ✓ WARNS instead of failing when wrangler emits an auth-keyed stderr with non-zero exit 0ms
     ✓ WARNS when wrangler reports it needs a non-interactive API token 0ms
     ✓ FAILS with a parse-error message when stdout is neither JSON nor current Wrangler text 0ms
     ✓ FAILS with a shape-error message when JSON is a top-level object instead of an array 0ms
     ✓ FAILS with a shape-error message when JSON is an array of strings 0ms
     ✓ FAILS with a shape-error message when JSON objects use lowercase name instead of Name 0ms
     ✓ FAILS with a clear message when wrangler exits non-zero without an auth-keyed stderr 0ms
     ✓ FAILS when the runWrangler promise rejects (spawn/binary error) 0ms
     ✓ FAILS with a string representation when runWrangler rejects with a non-Error value 0ms
     ✓ FAILS with a string representation when JSON.parse throws a non-Error 0ms
     ✓ returns a warning PASS when SPOONJOY_PREFLIGHT_SKIP_REMOTE=1 even if the fake would have reported pending migrations 0ms
     ✓ falls back to process.env when no env is provided in deps 0ms
     ✓ docs/deployment.md mentions pnpm deploy:auto 2ms
     ✓ docs/deployment.md documents SPOONJOY_PREFLIGHT_SKIP_REMOTE 0ms
     ✓ DEPLOY.md mentions pnpm deploy:auto 1ms
     ✓ DEPLOY.md documents SPOONJOY_PREFLIGHT_SKIP_REMOTE 0ms
     ✓ documents the full PostHog client and server telemetry setup 1ms
     ✓ documents the QA environment setup and safe verification flow 1ms
     ✓ deploy chains preflight then build then wrangler deploy via pnpm exec 0ms
     ✓ deploy:auto skips only the first remote preflight, then builds, migrates, fully preflights, and deploys 0ms
     ✓ exposes QA preflight, migration, seed, deploy, and smoke scripts 0ms
     ✓ includes live-smoke script helpers in coverage instrumentation 0ms
     × runs only on manual dispatch and schedule with credential and QA secret gates 0ms
     ✓ defines an isolated Cloudflare QA environment 0ms
     ✓ invokes the configured wrangler binary with pnpm exec and forwards args 0ms
     ✓ resolves with stdout/stderr/exitCode when execFile callback signals success 0ms
     ✓ resolves with non-zero exitCode and stderr when execFile callback signals a process error 0ms
     ✓ rejects with the underlying error when execFile reports a spawn failure (no numeric exit code) 1ms
     ✓ exposes a default factory that uses node:child_process execFile 0ms
     ✓ prefixes passing checks with PASS 0ms
     ✓ prefixes warning checks with WARN 0ms
     ✓ prefixes failing error checks with FAIL 0ms
     ✓ prints WARN line and a passed-with-warnings summary when wrangler reports an auth-keyed soft failure 1ms
     ✓ prints a passed summary without warning suffix when everything is OK 0ms
     ✓ calls io.error and io.exit(1) when there is a hard failure 1ms
     ✓ uses real console.log/console.error/process.exit when io is not injected 1ms
     ✓ returns false when argv1 is undefined 0ms
     ✓ returns false when argv1 does not resolve to the module url 0ms
     ✓ returns true when argv1 resolves to the same path as moduleUrl 0ms
     ✓ returns false and does not invoke runMain when argv1 is not the module 0ms
     ✓ returns true and invokes runMain when argv1 matches the moduleUrl 0ms
     ✓ routes runMain errors through onError 0ms
     ✓ uses default onError that prints and calls process.exit(1) when runMain rejects with an Error 0ms
     ✓ uses default onError that stringifies non-Error rejections 0ms
     ✓ uses default main when runMain is not provided 33ms

⎯⎯⎯⎯⎯⎯⎯ Failed Tests 2 ⎯⎯⎯⎯⎯⎯⎯

 FAIL  test/scripts/deployment-preflight.test.ts > deployment preflight > requires a credential-gated scheduled QA image-cover smoke workflow in preflight
AssertionError: expected [ 'wrangler app entry', …(20) ] to include 'QA image-cover smoke workflow'
 ❯ test/scripts/deployment-preflight.test.ts:361:52
    359|     const result = validateDeploymentConfig(validInputs());
    360| 
    361|     expect(result.checks.map((item) => item.name)).toContain("QA image…
       |                                                    ^
    362|     expect(result.errors.map((item) => item.name)).not.toContain("QA i…
    363|   });

⎯⎯⎯⎯⎯⎯⎯⎯⎯⎯⎯⎯⎯⎯⎯⎯⎯⎯⎯⎯⎯⎯⎯⎯[1/2]⎯

 FAIL  test/scripts/deployment-preflight.test.ts > QA image-cover smoke workflow > runs only on manual dispatch and schedule with credential and QA secret gates
Error: ENOENT: no such file or directory, open '/Users/arimendelow/Projects/spoonjoy-v2/.github/workflows/qa-image-cover-smoke.yml'
 ❯ test/scripts/deployment-preflight.test.ts:849:22
    847| describe("QA image-cover smoke workflow", () => {
    848|   it("runs only on manual dispatch and schedule with credential and QA…
    849|     const workflow = await readFile(`${process.cwd()}/.github/workflow…
       |                      ^
    850| 
    851|     expect(workflow).toContain("workflow_dispatch:");

⎯⎯⎯⎯⎯⎯⎯⎯⎯⎯⎯⎯⎯⎯⎯⎯⎯⎯⎯⎯⎯⎯⎯⎯[2/2]⎯


 Test Files  1 failed (1)
      Tests  2 failed | 67 passed (69)
   Start at  13:24:26
   Duration  751ms (transform 97ms, setup 142ms, import 85ms, tests 131ms, environment 253ms)

